<?xml version="1.0" encoding="UTF-8"?>
<testng-results ignored="0" total="1" passed="1" failed="0" skipped="0">
  <reporter-output>
  </reporter-output>
  <suite started-at="2022-06-02T10:07:06 IST" name="Default suite" finished-at="2022-06-02T10:07:44 IST" duration-ms="38272">
    <groups>
    </groups>
    <test started-at="2022-06-02T10:07:06 IST" name="Default test" finished-at="2022-06-02T10:07:44 IST" duration-ms="38272">
      <class name="com.BookTest.AddBookToCartTest">
        <test-method is-config="true" signature="beforeSuite()[pri:0, instance:com.BookTest.AddBookToCartTest@2d746ce4]" started-at="2022-06-02T10:07:04 IST" name="beforeSuite" finished-at="2022-06-02T10:07:06 IST" duration-ms="2197" status="PASS">
          <reporter-output>
          </reporter-output>
        </test-method> <!-- beforeSuite -->
        <test-method is-config="true" signature="beforeClassTest()[pri:0, instance:com.BookTest.AddBookToCartTest@2d746ce4]" started-at="2022-06-02T10:07:06 IST" name="beforeClassTest" finished-at="2022-06-02T10:07:25 IST" duration-ms="18851" status="PASS">
          <reporter-output>
          </reporter-output>
        </test-method> <!-- beforeClassTest -->
        <test-method signature="addBookToCart()[pri:0, instance:com.BookTest.AddBookToCartTest@2d746ce4]" started-at="2022-06-02T10:07:25 IST" name="addBookToCart" finished-at="2022-06-02T10:07:43 IST" duration-ms="17913" status="PASS">
          <reporter-output>
          </reporter-output>
        </test-method> <!-- addBookToCart -->
        <test-method is-config="true" signature="afterClassTest()[pri:0, instance:com.BookTest.AddBookToCartTest@2d746ce4]" started-at="2022-06-02T10:07:43 IST" name="afterClassTest" finished-at="2022-06-02T10:07:44 IST" duration-ms="991" status="PASS">
          <reporter-output>
          </reporter-output>
        </test-method> <!-- afterClassTest -->
        <test-method is-config="true" signature="afterSuiteTest()[pri:0, instance:com.BookTest.AddBookToCartTest@2d746ce4]" started-at="2022-06-02T10:07:44 IST" name="afterSuiteTest" finished-at="2022-06-02T10:07:45 IST" duration-ms="794" status="PASS">
          <reporter-output>
          </reporter-output>
        </test-method> <!-- afterSuiteTest -->
      </class> <!-- com.BookTest.AddBookToCartTest -->
    </test> <!-- Default test -->
  </suite> <!-- Default suite -->
</testng-results>
