<?xml version="1.0" encoding="UTF-8"?>
<testng-results ignored="0" total="1" passed="1" failed="0" skipped="0">
  <reporter-output>
  </reporter-output>
  <suite started-at="2022-06-01T22:18:39 IST" name="Default suite" finished-at="2022-06-01T22:21:06 IST" duration-ms="146619">
    <groups>
    </groups>
    <test started-at="2022-06-01T22:18:39 IST" name="Default test" finished-at="2022-06-01T22:21:06 IST" duration-ms="146619">
      <class name="com.BookTest.AddBookToCartTest">
        <test-method is-config="true" signature="beforeSuite()[pri:0, instance:com.BookTest.AddBookToCartTest@1ba05e38]" started-at="2022-06-01T22:18:37 IST" name="beforeSuite" finished-at="2022-06-01T22:18:39 IST" duration-ms="2383" status="PASS">
          <reporter-output>
          </reporter-output>
        </test-method> <!-- beforeSuite -->
        <test-method is-config="true" signature="beforeClassTest()[pri:0, instance:com.BookTest.AddBookToCartTest@1ba05e38]" started-at="2022-06-01T22:18:39 IST" name="beforeClassTest" finished-at="2022-06-01T22:20:43 IST" duration-ms="124091" status="PASS">
          <reporter-output>
          </reporter-output>
        </test-method> <!-- beforeClassTest -->
        <test-method is-config="true" signature="beforeMethodTest()[pri:0, instance:com.BookTest.AddBookToCartTest@1ba05e38]" started-at="2022-06-01T22:20:43 IST" name="beforeMethodTest" finished-at="2022-06-01T22:20:43 IST" duration-ms="1" status="PASS">
          <reporter-output>
          </reporter-output>
        </test-method> <!-- beforeMethodTest -->
        <test-method signature="addBookToCart()[pri:0, instance:com.BookTest.AddBookToCartTest@1ba05e38]" started-at="2022-06-01T22:20:44 IST" name="addBookToCart" finished-at="2022-06-01T22:21:04 IST" duration-ms="20562" status="PASS">
          <reporter-output>
          </reporter-output>
        </test-method> <!-- addBookToCart -->
        <test-method is-config="true" signature="afterMethodTest()[pri:0, instance:com.BookTest.AddBookToCartTest@1ba05e38]" started-at="2022-06-01T22:21:04 IST" name="afterMethodTest" finished-at="2022-06-01T22:21:04 IST" duration-ms="1" status="PASS">
          <reporter-output>
          </reporter-output>
        </test-method> <!-- afterMethodTest -->
        <test-method is-config="true" signature="afterClassTest()[pri:0, instance:com.BookTest.AddBookToCartTest@1ba05e38]" started-at="2022-06-01T22:21:04 IST" name="afterClassTest" finished-at="2022-06-01T22:21:06 IST" duration-ms="1407" status="PASS">
          <reporter-output>
          </reporter-output>
        </test-method> <!-- afterClassTest -->
        <test-method is-config="true" signature="afterSuiteTest()[pri:0, instance:com.BookTest.AddBookToCartTest@1ba05e38]" started-at="2022-06-01T22:21:06 IST" name="afterSuiteTest" finished-at="2022-06-01T22:21:07 IST" duration-ms="736" status="PASS">
          <reporter-output>
          </reporter-output>
        </test-method> <!-- afterSuiteTest -->
      </class> <!-- com.BookTest.AddBookToCartTest -->
    </test> <!-- Default test -->
  </suite> <!-- Default suite -->
</testng-results>
